--
0
1: {1/0}
2: {2/1}
3: {3/1}
4: {4/1}
5: {1/0, 4/1, 4_0/1, 5/0}
7: {1/0, 4_0/1, 5/0, 7/1}
4_0: {4/1, 4_0/1}
4_1: {4/1, 4_1/1}
--
1
1: {1/1}
2: {2/0}
3: {3/1}
4: {3/1, 4/1}
5: {1/1, 3/1, 4/1, 4_0/1, 5/1}
7: {1/1, 3/1, 4/1, 4_0/1, 4_1/1, 5/1, 7/0}
4_0: {3/1, 4/1, 4_0/1}
4_1: {3/1, 4/1, 4_1/1}
--
1
1: {1/1}
2: {2/1}
3: {3/1}
4: {4/1}
5: {1/1, 4/1, 4_0/1, 5/1}
7: {1/1, 4/1, 4_0/1, 4_1/1, 5/1, 7/0}
4_0: {4/1, 4_0/1}
4_1: {4/1, 4_1/1}
--
0
1: {1/0}
2: {2/0}
3: {3/0}
4: {2/0, 3/0, 4/0}
5: {1/0, 2/0, 3/0, 4/0, 4_0/0, 5/1}
7: {4_1/0, 7/1}
4_0: {2/0, 3/0, 4/0, 4_0/0}
4_1: {2/0, 3/0, 4/0, 4_1/0}
